<?xml version="1.0" encoding="UTF-8"?>
<!-- Generated by org.testng.reporters.JUnitReportReporter -->
<testsuite skipped="0" hostname="Ariel_Desktop" name="com.Scritps.PMTScripts" tests="1" failures="0" timestamp="20 Nov 2016 09:30:11 GMT" time="4.216" errors="0">
  <testcase name="testGoogleSearch" time="4.216" classname="com.Scritps.PMTScripts"/>
</testsuite> <!-- com.Scritps.PMTScripts -->
